# JRE version: OpenJDK Runtime Environment (8.0_91-b14) (build 1.8.0_91-8u91-b14-3ubuntu1~16.04.1-b14)
# Java VM: OpenJDK 64-Bit Server VM (25.91-b14 mixed mode linux-amd64 compressed oops)
Heap:
 def new generation   total 104448K, used 62140K [0x00000000d3800000, 0x00000000da950000, 0x00000000e2550000)
  eden space 92864K,  57% used [0x00000000d3800000, 0x00000000d6c87a40, 0x00000000d92b0000)
  from space 11584K,  72% used [0x00000000d92b0000, 0x00000000d9ad75f0, 0x00000000d9e00000)
  to   space 11584K,   0% used [0x00000000d9e00000, 0x00000000d9e00000, 0x00000000da950000)
 tenured generation   total 231856K, used 137390K [0x00000000e2550000, 0x00000000f07bc000, 0x0000000100000000)
   the space 231856K,  59% used [0x00000000e2550000, 0x00000000eab7b8d8, 0x00000000eab7ba00, 0x00000000f07bc000)
 Metaspace       used 41521K, capacity 42330K, committed 42624K, reserved 1087488K
  class space    used 4927K, capacity 5149K, committed 5248K, reserved 1048576K
GC Heap History (10 events):
Event: 403.743 GC heap before
{Heap before GC invocations=200 (full 7):
 def new generation   total 104448K, used 94454K [0x00000000d3800000, 0x00000000da950000, 0x00000000e2550000)
  eden space 92864K, 100% used [0x00000000d3800000, 0x00000000d92b0000, 0x00000000d92b0000)
  from space 11584K,  13% used [0x00000000d9e00000, 0x00000000d9f8d800, 0x00000000da950000)
  to   space 11584K,   0% used [0x00000000d92b0000, 0x00000000d92b0000, 0x00000000d9e00000)
 tenured generation   total 231856K, used 134955K [0x00000000e2550000, 0x00000000f07bc000, 0x0000000100000000)
   the space 231856K,  58% used [0x00000000e2550000, 0x00000000ea91afa8, 0x00000000ea91b000, 0x00000000f07bc000)
 Metaspace       used 41480K, capacity 42248K, committed 42624K, reserved 1087488K
  class space    used 4925K, capacity 5146K, committed 5248K, reserved 1048576K
Event: 403.781 GC heap after
Heap after GC invocations=201 (full 7):
 def new generation   total 104448K, used 2002K [0x00000000d3800000, 0x00000000da950000, 0x00000000e2550000)
  eden space 92864K,   0% used [0x00000000d3800000, 0x00000000d3800000, 0x00000000d92b0000)
  from space 11584K,  17% used [0x00000000d92b0000, 0x00000000d94a4ba8, 0x00000000d9e00000)
  to   space 11584K,   0% used [0x00000000d9e00000, 0x00000000d9e00000, 0x00000000da950000)
 tenured generation   total 231856K, used 134955K [0x00000000e2550000, 0x00000000f07bc000, 0x0000000100000000)
   the space 231856K,  58% used [0x00000000e2550000, 0x00000000ea91afa8, 0x00000000ea91b000, 0x00000000f07bc000)
 Metaspace       used 41480K, capacity 42248K, committed 42624K, reserved 1087488K
  class space    used 4925K, capacity 5146K, committed 5248K, reserved 1048576K
}
Event: 407.633 GC heap before
{Heap before GC invocations=201 (full 7):
 def new generation   total 104448K, used 94866K [0x00000000d3800000, 0x00000000da950000, 0x00000000e2550000)
  eden space 92864K, 100% used [0x00000000d3800000, 0x00000000d92b0000, 0x00000000d92b0000)
  from space 11584K,  17% used [0x00000000d92b0000, 0x00000000d94a4ba8, 0x00000000d9e00000)
  to   space 11584K,   0% used [0x00000000d9e00000, 0x00000000d9e00000, 0x00000000da950000)
 tenured generation   total 231856K, used 134955K [0x00000000e2550000, 0x00000000f07bc000, 0x0000000100000000)
   the space 231856K,  58% used [0x00000000e2550000, 0x00000000ea91afa8, 0x00000000ea91b000, 0x00000000f07bc000)
 Metaspace       used 41495K, capacity 42248K, committed 42624K, reserved 1087488K
  class space    used 4925K, capacity 5146K, committed 5248K, reserved 1048576K
Event: 407.657 GC heap after
Heap after GC invocations=202 (full 7):
 def new generation   total 104448K, used 2867K [0x00000000d3800000, 0x00000000da950000, 0x00000000e2550000)
  eden space 92864K,   0% used [0x00000000d3800000, 0x00000000d3800000, 0x00000000d92b0000)
  from space 11584K,  24% used [0x00000000d9e00000, 0x00000000da0cce98, 0x00000000da950000)
  to   space 11584K,   0% used [0x00000000d92b0000, 0x00000000d92b0000, 0x00000000d9e00000)
 tenured generation   total 231856K, used 134955K [0x00000000e2550000, 0x00000000f07bc000, 0x0000000100000000)
   the space 231856K,  58% used [0x00000000e2550000, 0x00000000ea91afa8, 0x00000000ea91b000, 0x00000000f07bc000)
 Metaspace       used 41495K, capacity 42248K, committed 42624K, reserved 1087488K
  class space    used 4925K, capacity 5146K, committed 5248K, reserved 1048576K
}
Event: 410.670 GC heap before
{Heap before GC invocations=202 (full 7):
 def new generation   total 104448K, used 95731K [0x00000000d3800000, 0x00000000da950000, 0x00000000e2550000)
  eden space 92864K, 100% used [0x00000000d3800000, 0x00000000d92b0000, 0x00000000d92b0000)
  from space 11584K,  24% used [0x00000000d9e00000, 0x00000000da0cce98, 0x00000000da950000)
  to   space 11584K,   0% used [0x00000000d92b0000, 0x00000000d92b0000, 0x00000000d9e00000)
 tenured generation   total 231856K, used 134955K [0x00000000e2550000, 0x00000000f07bc000, 0x0000000100000000)
   the space 231856K,  58% used [0x00000000e2550000, 0x00000000ea91afa8, 0x00000000ea91b000, 0x00000000f07bc000)
 Metaspace       used 41501K, capacity 42248K, committed 42624K, reserved 1087488K
  class space    used 4925K, capacity 5146K, committed 5248K, reserved 1048576K
Event: 410.737 GC heap after
Heap after GC invocations=203 (full 7):
 def new generation   total 104448K, used 3378K [0x00000000d3800000, 0x00000000da950000, 0x00000000e2550000)
  eden space 92864K,   0% used [0x00000000d3800000, 0x00000000d3800000, 0x00000000d92b0000)
  from space 11584K,  29% used [0x00000000d92b0000, 0x00000000d95fcb80, 0x00000000d9e00000)
  to   space 11584K,   0% used [0x00000000d9e00000, 0x00000000d9e00000, 0x00000000da950000)
 tenured generation   total 231856K, used 134955K [0x00000000e2550000, 0x00000000f07bc000, 0x0000000100000000)
   the space 231856K,  58% used [0x00000000e2550000, 0x00000000ea91afa8, 0x00000000ea91b000, 0x00000000f07bc000)
 Metaspace       used 41501K, capacity 42248K, committed 42624K, reserved 1087488K
  class space    used 4925K, capacity 5146K, committed 5248K, reserved 1048576K
}
Event: 413.902 GC heap before
{Heap before GC invocations=203 (full 7):
 def new generation   total 104448K, used 96242K [0x00000000d3800000, 0x00000000da950000, 0x00000000e2550000)
  eden space 92864K, 100% used [0x00000000d3800000, 0x00000000d92b0000, 0x00000000d92b0000)
  from space 11584K,  29% used [0x00000000d92b0000, 0x00000000d95fcb80, 0x00000000d9e00000)
  to   space 11584K,   0% used [0x00000000d9e00000, 0x00000000d9e00000, 0x00000000da950000)
 tenured generation   total 231856K, used 134955K [0x00000000e2550000, 0x00000000f07bc000, 0x0000000100000000)
   the space 231856K,  58% used [0x00000000e2550000, 0x00000000ea91afa8, 0x00000000ea91b000, 0x00000000f07bc000)
 Metaspace       used 41507K, capacity 42318K, committed 42624K, reserved 1087488K
  class space    used 4926K, capacity 5147K, committed 5248K, reserved 1048576K
Event: 414.016 GC heap after
Heap after GC invocations=204 (full 7):
 def new generation   total 104448K, used 8954K [0x00000000d3800000, 0x00000000da950000, 0x00000000e2550000)
  eden space 92864K,   0% used [0x00000000d3800000, 0x00000000d3800000, 0x00000000d92b0000)
  from space 11584K,  77% used [0x00000000d9e00000, 0x00000000da6beb90, 0x00000000da950000)
  to   space 11584K,   0% used [0x00000000d92b0000, 0x00000000d92b0000, 0x00000000d9e00000)
 tenured generation   total 231856K, used 134955K [0x00000000e2550000, 0x00000000f07bc000, 0x0000000100000000)
   the space 231856K,  58% used [0x00000000e2550000, 0x00000000ea91afa8, 0x00000000ea91b000, 0x00000000f07bc000)
 Metaspace       used 41507K, capacity 42318K, committed 42624K, reserved 1087488K
  class space    used 4926K, capacity 5147K, committed 5248K, reserved 1048576K
}
Event: 424.580 GC heap before
{Heap before GC invocations=204 (full 7):
 def new generation   total 104448K, used 101818K [0x00000000d3800000, 0x00000000da950000, 0x00000000e2550000)
  eden space 92864K, 100% used [0x00000000d3800000, 0x00000000d92b0000, 0x00000000d92b0000)
  from space 11584K,  77% used [0x00000000d9e00000, 0x00000000da6beb90, 0x00000000da950000)
  to   space 11584K,   0% used [0x00000000d92b0000, 0x00000000d92b0000, 0x00000000d9e00000)
 tenured generation   total 231856K, used 134955K [0x00000000e2550000, 0x00000000f07bc000, 0x0000000100000000)
   the space 231856K,  58% used [0x00000000e2550000, 0x00000000ea91afa8, 0x00000000ea91b000, 0x00000000f07bc000)
 Metaspace       used 41516K, capacity 42324K, committed 42624K, reserved 1087488K
  class space    used 4926K, capacity 5148K, committed 5248K, reserved 1048576K
Event: 424.753 GC heap after
Heap after GC invocations=205 (full 7):
 def new generation   total 104448K, used 8349K [0x00000000d3800000, 0x00000000da950000, 0x00000000e2550000)
  eden space 92864K,   0% used [0x00000000d3800000, 0x00000000d3800000, 0x00000000d92b0000)
  from space 11584K,  72% used [0x00000000d92b0000, 0x00000000d9ad75f0, 0x00000000d9e00000)
  to   space 11584K,   0% used [0x00000000d9e00000, 0x00000000d9e00000, 0x00000000da950000)
 tenured generation   total 231856K, used 137390K [0x00000000e2550000, 0x00000000f07bc000, 0x0000000100000000)
   the space 231856K,  59% used [0x00000000e2550000, 0x00000000eab7b8d8, 0x00000000eab7ba00, 0x00000000f07bc000)
 Metaspace       used 41516K, capacity 42324K, committed 42624K, reserved 1087488K
  class space    used 4926K, capacity 5148K, committed 5248K, reserved 1048576K
}

