# JRE version: OpenJDK Runtime Environment (8.0_91-b14) (build 1.8.0_91-8u91-b14-3ubuntu1~16.04.1-b14)
# Java VM: OpenJDK 64-Bit Server VM (25.91-b14 mixed mode linux-amd64 compressed oops)
Heap:
 def new generation   total 119808K, used 81487K [0x00000000d3800000, 0x00000000dba00000, 0x00000000e2550000)
  eden space 106496K,  73% used [0x00000000d3800000, 0x00000000d84852c8, 0x00000000da000000)
  from space 13312K,  23% used [0x00000000da000000, 0x00000000da30ebe8, 0x00000000dad00000)
  to   space 13312K,   0% used [0x00000000dad00000, 0x00000000dad00000, 0x00000000dba00000)
 tenured generation   total 265988K, used 230598K [0x00000000e2550000, 0x00000000f2911000, 0x0000000100000000)
   the space 265988K,  86% used [0x00000000e2550000, 0x00000000f06819f8, 0x00000000f0681a00, 0x00000000f2911000)
 Metaspace       used 48765K, capacity 49736K, committed 49920K, reserved 1093632K
  class space    used 5569K, capacity 5860K, committed 5888K, reserved 1048576K
GC Heap History (10 events):
Event: 4347.350 GC heap before
{Heap before GC invocations=414 (full 9):
 def new generation   total 119808K, used 111016K [0x00000000d3800000, 0x00000000dba00000, 0x00000000e2550000)
  eden space 106496K, 100% used [0x00000000d3800000, 0x00000000da000000, 0x00000000da000000)
  from space 13312K,  33% used [0x00000000dad00000, 0x00000000db16a090, 0x00000000dba00000)
  to   space 13312K,   0% used [0x00000000da000000, 0x00000000da000000, 0x00000000dad00000)
 tenured generation   total 265988K, used 227161K [0x00000000e2550000, 0x00000000f2911000, 0x0000000100000000)
   the space 265988K,  85% used [0x00000000e2550000, 0x00000000f0326480, 0x00000000f0326600, 0x00000000f2911000)
 Metaspace       used 48752K, capacity 49736K, committed 49920K, reserved 1093632K
  class space    used 5569K, capacity 5860K, committed 5888K, reserved 1048576K
Event: 4347.375 GC heap after
Heap after GC invocations=415 (full 9):
 def new generation   total 119808K, used 4710K [0x00000000d3800000, 0x00000000dba00000, 0x00000000e2550000)
  eden space 106496K,   0% used [0x00000000d3800000, 0x00000000d3800000, 0x00000000da000000)
  from space 13312K,  35% used [0x00000000da000000, 0x00000000da499b70, 0x00000000dad00000)
  to   space 13312K,   0% used [0x00000000dad00000, 0x00000000dad00000, 0x00000000dba00000)
 tenured generation   total 265988K, used 227161K [0x00000000e2550000, 0x00000000f2911000, 0x0000000100000000)
   the space 265988K,  85% used [0x00000000e2550000, 0x00000000f0326480, 0x00000000f0326600, 0x00000000f2911000)
 Metaspace       used 48752K, capacity 49736K, committed 49920K, reserved 1093632K
  class space    used 5569K, capacity 5860K, committed 5888K, reserved 1048576K
}
Event: 4349.002 GC heap before
{Heap before GC invocations=415 (full 9):
 def new generation   total 119808K, used 111206K [0x00000000d3800000, 0x00000000dba00000, 0x00000000e2550000)
  eden space 106496K, 100% used [0x00000000d3800000, 0x00000000da000000, 0x00000000da000000)
  from space 13312K,  35% used [0x00000000da000000, 0x00000000da499b70, 0x00000000dad00000)
  to   space 13312K,   0% used [0x00000000dad00000, 0x00000000dad00000, 0x00000000dba00000)
 tenured generation   total 265988K, used 227161K [0x00000000e2550000, 0x00000000f2911000, 0x0000000100000000)
   the space 265988K,  85% used [0x00000000e2550000, 0x00000000f0326480, 0x00000000f0326600, 0x00000000f2911000)
 Metaspace       used 48759K, capacity 49736K, committed 49920K, reserved 1093632K
  class space    used 5569K, capacity 5860K, committed 5888K, reserved 1048576K
Event: 4349.036 GC heap after
Heap after GC invocations=416 (full 9):
 def new generation   total 119808K, used 13132K [0x00000000d3800000, 0x00000000dba00000, 0x00000000e2550000)
  eden space 106496K,   0% used [0x00000000d3800000, 0x00000000d3800000, 0x00000000da000000)
  from space 13312K,  98% used [0x00000000dad00000, 0x00000000db9d32a0, 0x00000000dba00000)
  to   space 13312K,   0% used [0x00000000da000000, 0x00000000da000000, 0x00000000dad00000)
 tenured generation   total 265988K, used 227161K [0x00000000e2550000, 0x00000000f2911000, 0x0000000100000000)
   the space 265988K,  85% used [0x00000000e2550000, 0x00000000f0326480, 0x00000000f0326600, 0x00000000f2911000)
 Metaspace       used 48759K, capacity 49736K, committed 49920K, reserved 1093632K
  class space    used 5569K, capacity 5860K, committed 5888K, reserved 1048576K
}
Event: 4350.910 GC heap before
{Heap before GC invocations=416 (full 9):
 def new generation   total 119808K, used 119628K [0x00000000d3800000, 0x00000000dba00000, 0x00000000e2550000)
  eden space 106496K, 100% used [0x00000000d3800000, 0x00000000da000000, 0x00000000da000000)
  from space 13312K,  98% used [0x00000000dad00000, 0x00000000db9d32a0, 0x00000000dba00000)
  to   space 13312K,   0% used [0x00000000da000000, 0x00000000da000000, 0x00000000dad00000)
 tenured generation   total 265988K, used 227161K [0x00000000e2550000, 0x00000000f2911000, 0x0000000100000000)
   the space 265988K,  85% used [0x00000000e2550000, 0x00000000f0326480, 0x00000000f0326600, 0x00000000f2911000)
 Metaspace       used 48759K, capacity 49736K, committed 49920K, reserved 1093632K
  class space    used 5569K, capacity 5860K, committed 5888K, reserved 1048576K
Event: 4350.932 GC heap after
Heap after GC invocations=417 (full 9):
 def new generation   total 119808K, used 2188K [0x00000000d3800000, 0x00000000dba00000, 0x00000000e2550000)
  eden space 106496K,   0% used [0x00000000d3800000, 0x00000000d3800000, 0x00000000da000000)
  from space 13312K,  16% used [0x00000000da000000, 0x00000000da2230e0, 0x00000000dad00000)
  to   space 13312K,   0% used [0x00000000dad00000, 0x00000000dad00000, 0x00000000dba00000)
 tenured generation   total 265988K, used 230598K [0x00000000e2550000, 0x00000000f2911000, 0x0000000100000000)
   the space 265988K,  86% used [0x00000000e2550000, 0x00000000f06819f8, 0x00000000f0681a00, 0x00000000f2911000)
 Metaspace       used 48759K, capacity 49736K, committed 49920K, reserved 1093632K
  class space    used 5569K, capacity 5860K, committed 5888K, reserved 1048576K
}
Event: 4354.262 GC heap before
{Heap before GC invocations=417 (full 9):
 def new generation   total 119808K, used 108684K [0x00000000d3800000, 0x00000000dba00000, 0x00000000e2550000)
  eden space 106496K, 100% used [0x00000000d3800000, 0x00000000da000000, 0x00000000da000000)
  from space 13312K,  16% used [0x00000000da000000, 0x00000000da2230e0, 0x00000000dad00000)
  to   space 13312K,   0% used [0x00000000dad00000, 0x00000000dad00000, 0x00000000dba00000)
 tenured generation   total 265988K, used 230598K [0x00000000e2550000, 0x00000000f2911000, 0x0000000100000000)
   the space 265988K,  86% used [0x00000000e2550000, 0x00000000f06819f8, 0x00000000f0681a00, 0x00000000f2911000)
 Metaspace       used 48759K, capacity 49736K, committed 49920K, reserved 1093632K
  class space    used 5569K, capacity 5860K, committed 5888K, reserved 1048576K
Event: 4354.321 GC heap after
Heap after GC invocations=418 (full 9):
 def new generation   total 119808K, used 2494K [0x00000000d3800000, 0x00000000dba00000, 0x00000000e2550000)
  eden space 106496K,   0% used [0x00000000d3800000, 0x00000000d3800000, 0x00000000da000000)
  from space 13312K,  18% used [0x00000000dad00000, 0x00000000daf6fbc8, 0x00000000dba00000)
  to   space 13312K,   0% used [0x00000000da000000, 0x00000000da000000, 0x00000000dad00000)
 tenured generation   total 265988K, used 230598K [0x00000000e2550000, 0x00000000f2911000, 0x0000000100000000)
   the space 265988K,  86% used [0x00000000e2550000, 0x00000000f06819f8, 0x00000000f0681a00, 0x00000000f2911000)
 Metaspace       used 48759K, capacity 49736K, committed 49920K, reserved 1093632K
  class space    used 5569K, capacity 5860K, committed 5888K, reserved 1048576K
}
Event: 4356.991 GC heap before
{Heap before GC invocations=418 (full 9):
 def new generation   total 119808K, used 108990K [0x00000000d3800000, 0x00000000dba00000, 0x00000000e2550000)
  eden space 106496K, 100% used [0x00000000d3800000, 0x00000000da000000, 0x00000000da000000)
  from space 13312K,  18% used [0x00000000dad00000, 0x00000000daf6fbc8, 0x00000000dba00000)
  to   space 13312K,   0% used [0x00000000da000000, 0x00000000da000000, 0x00000000dad00000)
 tenured generation   total 265988K, used 230598K [0x00000000e2550000, 0x00000000f2911000, 0x0000000100000000)
   the space 265988K,  86% used [0x00000000e2550000, 0x00000000f06819f8, 0x00000000f0681a00, 0x00000000f2911000)
 Metaspace       used 48765K, capacity 49736K, committed 49920K, reserved 1093632K
  class space    used 5569K, capacity 5860K, committed 5888K, reserved 1048576K
Event: 4357.048 GC heap after
Heap after GC invocations=419 (full 9):
 def new generation   total 119808K, used 3130K [0x00000000d3800000, 0x00000000dba00000, 0x00000000e2550000)
  eden space 106496K,   0% used [0x00000000d3800000, 0x00000000d3800000, 0x00000000da000000)
  from space 13312K,  23% used [0x00000000da000000, 0x00000000da30ebe8, 0x00000000dad00000)
  to   space 13312K,   0% used [0x00000000dad00000, 0x00000000dad00000, 0x00000000dba00000)
 tenured generation   total 265988K, used 230598K [0x00000000e2550000, 0x00000000f2911000, 0x0000000100000000)
   the space 265988K,  86% used [0x00000000e2550000, 0x00000000f06819f8, 0x00000000f0681a00, 0x00000000f2911000)
 Metaspace       used 48765K, capacity 49736K, committed 49920K, reserved 1093632K
  class space    used 5569K, capacity 5860K, committed 5888K, reserved 1048576K
}

